<?xml version="1.0" encoding="UTF-8"?>
<!-- Generated by org.testng.reporters.JUnitReportReporter -->
<testsuite skipped="0" hostname="ULTP_540" name="TestRunner.Invoke" tests="9" failures="0" timestamp="18 Aug 2017 08:51:37 GMT" time="706.886" errors="0">
  <testcase name="Login" time="45.605" classname="TestRunner.Invoke"/>
  <testcase name="Create_Sample" time="77.907" classname="TestRunner.Invoke"/>
  <testcase name="Create_Survey" time="193.888" classname="TestRunner.Invoke"/>
  <testcase name="CheckOut" time="39.277" classname="TestRunner.Invoke"/>
  <testcase name="AddEditComment" time="189.959" classname="TestRunner.Invoke"/>
  <testcase name="Survey" time="92.412" classname="TestRunner.Invoke"/>
  <testcase name="Edit_Survey" time="44.826" classname="TestRunner.Invoke"/>
  <testcase name="Logout" time="17.730" classname="TestRunner.Invoke"/>
  <testcase name="LoginFail" time="5.282" classname="TestRunner.Invoke"/>
</testsuite> <!-- TestRunner.Invoke -->
